<?xml version="1.0" encoding="UTF-8"?>
<testsuite xmlns:xsi="http://www.w3.org/2001/XMLSchema-instance" xsi:noNamespaceSchemaLocation="https://maven.apache.org/surefire/maven-surefire-plugin/xsd/surefire-test-report-3.0.xsd" version="3.0" name="com.spotify.oauth2.tests.PlaylistTests" time="12.297" tests="5" errors="0" skipped="0" failures="0">
  <properties>
[...]
</properties>
  <testcase name="ShouldNotBeAbleToCreateAPlaylistWithInvalidToken" classname="com.spotify.oauth2.tests.PlaylistTests" time="7.105">
    <system-out><![CDATA[Name of method: ShouldNotBeAbleToCreateAPlaylistWithInvalidToken
Name of method: ShouldBeAbleToCreateAPlaylist
Name of method: ShouldBeAbleToChangeAPlaylist
Name of method: ShouldBeAbleToGetAPlaylist
Name of method: ShouldNotBeAbleToCreateAPlaylistWithoutName
Thread ID: 22
Thread ID: 21
Thread ID: 23
Thread ID: 24
Thread ID: 25
Renewing Token..Request method:	POST
Request URI:	https://accounts.spotify.com/api/token
Proxy:			<none>
Request params:	<none>
Query params:	<none>
Form params:	refresh_token=AQBxa13Lch32WDElrFxiI7vsEXAnit46yP4yo-PN9naSq23uaHjNtiy9f4-cgOCPu_6j1K7iyMud87ptDKAk037nUK5AKhK2ujVlFtSzPNWz5lpWDq7-wMLxN47mw2oRAG0
				grant_type=refresh_token
				client_secret=114fcd865fb148758625589f41881b33
				client_id=c387ee26ff0e49f99ca16d20b3713188
Path params:	<none>
Headers:		Accept=*/*
				Content-Type=application/x-www-form-urlencoded; charset=ISO-8859-1
Cookies:		<none>
Multiparts:		<none>
Body:			<none>
Request method:	POST
Request URI:	https://api.spotify.com/v1/users/31tqrsdwaltdwbj4iqlgk3oigqvm/playlists
Proxy:			<none>
Request params:	<none>
Query params:	<none>
Form params:	<none>
Path params:	<none>
Headers:		Accept=*/*
				Content-Type=application/json
Cookies:		<none>
Multiparts:		<none>
Body:
{
    "collaborative": false,
    "description": "#;;,;;!X! ;1#2,,;F,OB;3!!R,;9,6MU#,;7!#!,/,#4 GN#3",
    "public": true,
    "name": "6 5B38D6 T"
}
HTTP/1.1 401 Unauthorized
www-authenticate: Bearer realm="spotify", error="invalid_token", error_description="Invalid access token"
access-control-allow-origin: *
access-control-allow-headers: Accept, App-Platform, Authorization, Content-Type, Origin, Retry-After, Spotify-App-Version, X-Cloud-Trace-Context, client-token, content-access-token
access-control-allow-methods: GET, POST, OPTIONS, PUT, DELETE, PATCH
access-control-allow-credentials: true
access-control-max-age: 604800
content-type: application/json
content-encoding: gzip
strict-transport-security: max-age=31536000
x-content-type-options: nosniff
date: Wed, 22 Jun 2022 15:46:05 GMT
server: envoy
Via: HTTP/2 edgeproxy, 1.1 google
Alt-Svc: h3=":443"; ma=2592000,h3-29=":443"; ma=2592000
Transfer-Encoding: chunked

{
    "error": {
        "status": 401,
        "message": "Invalid access token"
    }
}
]]></system-out>
    <system-err><![CDATA[SLF4J: Failed to load class "org.slf4j.impl.StaticLoggerBinder".
SLF4J: Defaulting to no-operation (NOP) logger implementation
SLF4J: See http://www.slf4j.org/codes.html#StaticLoggerBinder for further details.
]]></system-err>
  </testcase>
  <testcase name="ShouldNotBeAbleToCreateAPlaylistWithoutName" classname="com.spotify.oauth2.tests.PlaylistTests" time="9.176">
    <system-out><![CDATA[Reusing existing token
Reusing existing token
Reusing existing token
Request method:	GET
Request URI:	https://api.spotify.com/v1/playlists/37ibO1nab7zzj6quri2Ban
Proxy:			<none>
Request params:	<none>
Query params:	<none>
Form params:	<none>
Path params:	<none>
Headers:		Accept=*/*
				Content-Type=application/json
Cookies:		<none>
Multiparts:		<none>
Body:			<none>
Request method:	POST
Request URI:	https://api.spotify.com/v1/users/31tqrsdwaltdwbj4iqlgk3oigqvm/playlists
Proxy:			<none>
Request params:	<none>
Query params:	<none>
Form params:	<none>
Path params:	<none>
Headers:		Accept=*/*
				Content-Type=application/json
Cookies:		<none>
Multiparts:		<none>
Body:
{
    "collaborative": false,
    "description": "/#8# ;0#5#9;#;##44J8,;,###MF1#;,#,,/!4MZ ,R##,6K,5",
    "public": true,
    "name": "L  V   4XW"
}
Request method:	POST
Request URI:	https://api.spotify.com/v1/users/31tqrsdwaltdwbj4iqlgk3oigqvm/playlists
Proxy:			<none>
Request params:	<none>
Query params:	<none>
Form params:	<none>
Path params:	<none>
Headers:		Accept=*/*
				Content-Type=application/json
Cookies:		<none>
Multiparts:		<none>
Body:
{
    "collaborative": false,
    "description": " M,IO;RZ1Z#; ;#6 !;  ,,#J;C6P#,,# G#,# ## 8;1##,!R",
    "public": true,
    "name": ""
}
Request method:	PUT
Request URI:	https://api.spotify.com/v1/playlists/6Q3yqZDejsxJh1n0uaZEtS
Proxy:			<none>
Request params:	<none>
Query params:	<none>
Form params:	<none>
Path params:	<none>
Headers:		Accept=*/*
				Content-Type=application/json
Cookies:		<none>
Multiparts:		<none>
Body:
{
    "collaborative": false,
    "description": ",E!#G#;/,,,A,K;;,,, 4;I1V,##;!TF,,7#B#O,,H 6!2L,I;",
    "public": true,
    "name": " 2Z12 T486"
}
HTTP/1.1 400 Bad Request
content-type: application/json; charset=utf-8
cache-control: private, max-age=0
x-robots-tag: noindex, nofollow
access-control-allow-origin: *
access-control-allow-headers: Accept, App-Platform, Authorization, Content-Type, Origin, Retry-After, Spotify-App-Version, X-Cloud-Trace-Context, client-token, content-access-token
access-control-allow-methods: GET, POST, OPTIONS, PUT, DELETE, PATCH
access-control-allow-credentials: true
access-control-max-age: 604800
content-encoding: gzip
strict-transport-security: max-age=31536000
x-content-type-options: nosniff
date: Wed, 22 Jun 2022 15:46:08 GMT
server: envoy
Via: HTTP/2 edgeproxy, 1.1 google
Alt-Svc: h3=":443"; ma=2592000,h3-29=":443"; ma=2592000
Transfer-Encoding: chunked

{
    "error": {
        "status": 400,
        "message": "Missing required field: name"
    }
}
]]></system-out>
  </testcase>
  <testcase name="ShouldBeAbleToChangeAPlaylist" classname="com.spotify.oauth2.tests.PlaylistTests" time="9.378">
    <system-out><![CDATA[HTTP/1.1 201 Created
content-type: application/json; charset=utf-8
cache-control: private, max-age=0
location: https://api.spotify.com/v1/playlists/4Lk0CNhI2nKgFjLGOT5BEi
x-robots-tag: noindex, nofollow
access-control-allow-origin: *
access-control-allow-headers: Accept, App-Platform, Authorization, Content-Type, Origin, Retry-After, Spotify-App-Version, X-Cloud-Trace-Context, client-token, content-access-token
access-control-allow-methods: GET, POST, OPTIONS, PUT, DELETE, PATCH
access-control-allow-credentials: true
access-control-max-age: 604800
content-encoding: gzip
strict-transport-security: max-age=31536000
x-content-type-options: nosniff
date: Wed, 22 Jun 2022 15:46:08 GMT
server: envoy
Via: HTTP/2 edgeproxy, 1.1 google
Alt-Svc: h3=":443"; ma=2592000,h3-29=":443"; ma=2592000
Transfer-Encoding: chunked

{
    "collaborative": false,
    "description": "/#8# ;0#5#9;#;##44J8,;,###MF1#;,#,,/!4MZ ,R##,6K,5",
    "external_urls": {
        "spotify": "https://open.spotify.com/playlist/4Lk0CNhI2nKgFjLGOT5BEi"
    },
    "followers": {
        "href": null,
        "total": 0
    },
    "href": "https://api.spotify.com/v1/playlists/4Lk0CNhI2nKgFjLGOT5BEi",
    "id": "4Lk0CNhI2nKgFjLGOT5BEi",
    "images": [
        
    ],
    "name": "L  V   4XW",
    "owner": {
        "display_name": "Sandhya Ravi",
        "external_urls": {
            "spotify": "https://open.spotify.com/user/31tqrsdwaltdwbj4iqlgk3oigqvm"
        },
        "href": "https://api.spotify.com/v1/users/31tqrsdwaltdwbj4iqlgk3oigqvm",
        "id": "31tqrsdwaltdwbj4iqlgk3oigqvm",
        "type": "user",
        "uri": "spotify:user:31tqrsdwaltdwbj4iqlgk3oigqvm"
    },
    "primary_color": null,
    "public": true,
    "snapshot_id": "MSw0MTZjYmU2MTkyNTU4OTNhNTY3MDZlNmI4MmYwNzE5NTM4ODhmNDky",
    "tracks": {
        "href": "https://api.spotify.com/v1/playlists/4Lk0CNhI2nKgFjLGOT5BEi/tracks",
        "items": [
            
        ],
        "limit": 100,
        "next": null,
        "offset": 0,
        "previous": null,
        "total": 0
    },
    "type": "playlist",
    "uri": "spotify:playlist:4Lk0CNhI2nKgFjLGOT5BEi"
}
HTTP/1.1 200 OK
content-type: application/json; charset=utf-8
cache-control: public, max-age=0
etag: "MC-ImEwZWU0NDA4YWY2NDU0ZjlmZjhiOTk3MTMyZTZhNjQ3Ig=="
x-robots-tag: noindex, nofollow
access-control-allow-origin: *
access-control-allow-headers: Accept, App-Platform, Authorization, Content-Type, Origin, Retry-After, Spotify-App-Version, X-Cloud-Trace-Context, client-token, content-access-token
access-control-allow-methods: GET, POST, OPTIONS, PUT, DELETE, PATCH
access-control-allow-credentials: true
access-control-max-age: 604800
content-encoding: gzip
strict-transport-security: max-age=31536000
x-content-type-options: nosniff
date: Wed, 22 Jun 2022 15:46:08 GMT
server: envoy
Via: HTTP/2 edgeproxy, 1.1 google
Alt-Svc: h3=":443"; ma=2592000,h3-29=":443"; ma=2592000
Transfer-Encoding: chunked

{
    "collaborative": false,
    "description": "Updated playlist description",
    "external_urls": {
        "spotify": "https://open.spotify.com/playlist/37ibO1nab7zzj6quri2Ban"
    },
    "followers": {
        "href": null,
        "total": 0
    },
    "href": "https://api.spotify.com/v1/playlists/37ibO1nab7zzj6quri2Ban",
    "id": "37ibO1nab7zzj6quri2Ban",
    "images": [
        
    ],
    "name": "Updated twice Playlist Name",
    "owner": {
        "display_name": "Sandhya Ravi",
        "external_urls": {
            "spotify": "https://open.spotify.com/user/31tqrsdwaltdwbj4iqlgk3oigqvm"
        },
        "href": "https://api.spotify.com/v1/users/31tqrsdwaltdwbj4iqlgk3oigqvm",
        "id": "31tqrsdwaltdwbj4iqlgk3oigqvm",
        "type": "user",
        "uri": "spotify:user:31tqrsdwaltdwbj4iqlgk3oigqvm"
    },
    "primary_color": null,
    "public": true,
    "snapshot_id": "NixkNWYyYmYwZjg4Njg2ODlkZTgyNWMwOGE3ZWE0YmRkNzNmNzc0MWZl",
    "tracks": {
        "href": "https://api.spotify.com/v1/playlists/37ibO1nab7zzj6quri2Ban/tracks?offset=0&limit=100",
        "items": [
            
        ],
        "limit": 100,
        "next": null,
        "offset": 0,
        "previous": null,
        "total": 0
    },
    "type": "playlist",
    "uri": "spotify:playlist:37ibO1nab7zzj6quri2Ban"
}
HTTP/1.1 200 OK
cache-control: private, max-age=0
x-robots-tag: noindex, nofollow
access-control-allow-origin: *
access-control-allow-headers: Accept, App-Platform, Authorization, Content-Type, Origin, Retry-After, Spotify-App-Version, X-Cloud-Trace-Context, client-token, content-access-token
access-control-allow-methods: GET, POST, OPTIONS, PUT, DELETE, PATCH
access-control-allow-credentials: true
access-control-max-age: 604800
Content-Length: 0
strict-transport-security: max-age=31536000
x-content-type-options: nosniff
date: Wed, 22 Jun 2022 15:46:08 GMT
server: envoy
Via: HTTP/2 edgeproxy, 1.1 google
Alt-Svc: h3=":443"; ma=2592000,h3-29=":443"; ma=2592000
]]></system-out>
  </testcase>
  <testcase name="ShouldBeAbleToGetAPlaylist" classname="com.spotify.oauth2.tests.PlaylistTests" time="9.447"/>
  <testcase name="ShouldBeAbleToCreateAPlaylist" classname="com.spotify.oauth2.tests.PlaylistTests" time="9.448"/>
</testsuite>